kiva v0.4.0-g593256e (linux-gnu-64bit)
Copyright (C) 2012-2018 Big Ladder Software LLC
Web: bigladdersoftware.com
Starting Program: 2018-Mar-13 20:10:17.148836
Creating Domain...
  X Cells: 41
  Y Cells: 1
  Z Cells: 55
  Total Cells: 2255
Initializing Temperatures...
  2014-Mar-09 01:00:00
  2014-Jul-08 18:00:00
  2014-Nov-06 17:00:00
Beginning Simulation...
  2015-Feb-25 07:00:00 (15.1%)
  2015-Jun-06 22:00:00 (43%)
  2015-Sep-13 17:00:00 (70.1%)
  2015-Dec-23 12:00:00 (97.7%)
  2015-Dec-31 23:00:00 (100%)
Finished Program: 2018-Mar-13 20:10:24.093429
Elapsed Time: 00:00:06.944593
