kiva v0.4.0-g593256e (linux-gnu-64bit)
Copyright (C) 2012-2018 Big Ladder Software LLC
Web: bigladdersoftware.com
Starting Program: 2018-Mar-13 20:10:24.166894
Creating Domain...
  X Cells: 41
  Y Cells: 1
  Z Cells: 50
  Total Cells: 2050
Initializing Temperatures...
  2014-Mar-20 20:00:00
  2014-Aug-11 22:00:00
Beginning Simulation...
  2015-Jan-02 10:00:00 (0.4%)
  2015-May-03 02:00:00 (33.4%)
  2015-Sep-01 06:00:00 (66.6%)
  2015-Dec-30 22:00:00 (99.7%)
  2015-Dec-31 23:00:00 (100%)
Finished Program: 2018-Mar-13 20:10:30.012937
Elapsed Time: 00:00:05.846043
